2015-04-10 16:49:00,849 WARN org.apache.hadoop.util.NativeCodeLoader: Unable to load native-hadoop library for your platform... using builtin-java classes where applicable
2015-04-10 16:49:01,142 INFO org.apache.hadoop.conf.Configuration.deprecation: session.id is deprecated. Instead, use dfs.metrics.session-id
2015-04-10 16:49:01,153 INFO org.apache.hadoop.metrics.jvm.JvmMetrics: Initializing JVM Metrics with processName=JobTracker, sessionId=
2015-04-10 16:49:01,791 WARN org.apache.hadoop.mapreduce.JobSubmitter: No job jar file set.  User classes may not be found. See Job or Job#setJar(String).
2015-04-10 16:49:01,816 INFO org.apache.hadoop.mapreduce.lib.input.FileInputFormat: Total input paths to process : 1
2015-04-10 16:49:01,866 INFO org.apache.hadoop.mapreduce.JobSubmitter: number of splits:1
2015-04-10 16:49:02,102 INFO org.apache.hadoop.mapreduce.JobSubmitter: Submitting tokens for job: job_local404485084_0001
2015-04-10 16:49:02,200 WARN org.apache.hadoop.conf.Configuration: file:/tmp/hadoop-cloudera/mapred/staging/cloudera404485084/.staging/job_local404485084_0001/job.xml:an attempt to override final parameter: mapreduce.job.end-notification.max.retry.interval;  Ignoring.
2015-04-10 16:49:02,208 WARN org.apache.hadoop.conf.Configuration: file:/tmp/hadoop-cloudera/mapred/staging/cloudera404485084/.staging/job_local404485084_0001/job.xml:an attempt to override final parameter: mapreduce.job.end-notification.max.attempts;  Ignoring.
2015-04-10 16:49:02,528 WARN org.apache.hadoop.conf.Configuration: file:/tmp/hadoop-cloudera/mapred/local/localRunner/cloudera/job_local404485084_0001/job_local404485084_0001.xml:an attempt to override final parameter: mapreduce.job.end-notification.max.retry.interval;  Ignoring.
2015-04-10 16:49:02,532 WARN org.apache.hadoop.conf.Configuration: file:/tmp/hadoop-cloudera/mapred/local/localRunner/cloudera/job_local404485084_0001/job_local404485084_0001.xml:an attempt to override final parameter: mapreduce.job.end-notification.max.attempts;  Ignoring.
2015-04-10 16:49:02,563 INFO org.apache.hadoop.mapreduce.Job: The url to track the job: http://localhost:8080/
2015-04-10 16:49:02,564 INFO org.apache.hadoop.mapreduce.Job: Running job: job_local404485084_0001
2015-04-10 16:49:02,566 INFO org.apache.hadoop.mapred.LocalJobRunner: OutputCommitter set in config null
2015-04-10 16:49:02,576 INFO org.apache.hadoop.mapred.LocalJobRunner: OutputCommitter is org.apache.hadoop.mapreduce.lib.output.FileOutputCommitter
2015-04-10 16:49:02,673 INFO org.apache.hadoop.mapred.LocalJobRunner: Waiting for map tasks
2015-04-10 16:49:02,673 INFO org.apache.hadoop.mapred.LocalJobRunner: Starting task: attempt_local404485084_0001_m_000000_0
2015-04-10 16:49:02,753 INFO org.apache.hadoop.mapred.Task:  Using ResourceCalculatorProcessTree : [ ]
2015-04-10 16:49:02,756 INFO org.apache.hadoop.mapred.MapTask: Processing split: file:/home/cloudera/workspace/RecommendFriend/soc-LiveJournal1Adj.txt:0+4156181
2015-04-10 16:49:02,840 INFO org.apache.hadoop.mapred.MapTask: (EQUATOR) 0 kvi 26214396(104857584)
2015-04-10 16:49:02,840 INFO org.apache.hadoop.mapred.MapTask: mapreduce.task.io.sort.mb: 100
2015-04-10 16:49:02,840 INFO org.apache.hadoop.mapred.MapTask: soft limit at 83886080
2015-04-10 16:49:02,840 INFO org.apache.hadoop.mapred.MapTask: bufstart = 0; bufvoid = 104857600
2015-04-10 16:49:02,840 INFO org.apache.hadoop.mapred.MapTask: kvstart = 26214396; length = 6553600
2015-04-10 16:49:02,843 INFO org.apache.hadoop.mapred.MapTask: Map output collector class = org.apache.hadoop.mapred.MapTask$MapOutputBuffer
2015-04-10 16:49:03,606 INFO org.apache.hadoop.mapreduce.Job: Job job_local404485084_0001 running in uber mode : false
2015-04-10 16:49:03,607 INFO org.apache.hadoop.mapreduce.Job:  map 0% reduce 0%
2015-04-10 16:49:04,076 INFO org.apache.hadoop.mapred.MapTask: Spilling map output
2015-04-10 16:49:04,080 INFO org.apache.hadoop.mapred.MapTask: bufstart = 0; bufend = 48295923; bufvoid = 104857600
2015-04-10 16:49:04,080 INFO org.apache.hadoop.mapred.MapTask: kvstart = 26214396(104857584); kvend = 17316864(69267456); length = 8897533/6553600
2015-04-10 16:49:04,080 INFO org.apache.hadoop.mapred.MapTask: (EQUATOR) 57364675 kvi 14341164(57364656)
2015-04-10 16:49:07,245 INFO org.apache.hadoop.mapred.MapTask: Finished spill 0
2015-04-10 16:49:07,246 INFO org.apache.hadoop.mapred.MapTask: (RESET) equator 57364675 kv 14341164(57364656) kvi 12148768(48595072)
2015-04-10 16:49:07,786 INFO org.apache.hadoop.mapred.MapTask: Spilling map output
2015-04-10 16:49:07,787 INFO org.apache.hadoop.mapred.MapTask: bufstart = 57364675; bufend = 782546; bufvoid = 104857600
2015-04-10 16:49:07,787 INFO org.apache.hadoop.mapred.MapTask: kvstart = 14341164(57364656); kvend = 5438520(21754080); length = 8902645/6553600
2015-04-10 16:49:07,787 INFO org.apache.hadoop.mapred.MapTask: (EQUATOR) 9851298 kvi 2462820(9851280)
2015-04-10 16:49:08,758 INFO org.apache.hadoop.mapred.LocalJobRunner: map > map
2015-04-10 16:49:09,626 INFO org.apache.hadoop.mapreduce.Job:  map 10% reduce 0%
2015-04-10 16:49:10,663 INFO org.apache.hadoop.mapred.MapTask: Finished spill 1
2015-04-10 16:49:10,664 INFO org.apache.hadoop.mapred.MapTask: (RESET) equator 9851298 kv 2462820(9851280) kvi 271312(1085248)
2015-04-10 16:49:11,245 INFO org.apache.hadoop.mapred.MapTask: Spilling map output
2015-04-10 16:49:11,246 INFO org.apache.hadoop.mapred.MapTask: bufstart = 9851298; bufend = 58193015; bufvoid = 104857600
2015-04-10 16:49:11,246 INFO org.apache.hadoop.mapred.MapTask: kvstart = 2462820(9851280); kvend = 19791136(79164544); length = 8886085/6553600
2015-04-10 16:49:11,246 INFO org.apache.hadoop.mapred.MapTask: (EQUATOR) 67261767 kvi 16815436(67261744)
2015-04-10 16:49:11,764 INFO org.apache.hadoop.mapred.LocalJobRunner: map > map
2015-04-10 16:49:12,635 INFO org.apache.hadoop.mapreduce.Job:  map 14% reduce 0%
2015-04-10 16:49:13,952 INFO org.apache.hadoop.mapred.MapTask: Finished spill 2
2015-04-10 16:49:13,952 INFO org.apache.hadoop.mapred.MapTask: (RESET) equator 67261767 kv 16815436(67261744) kvi 14620196(58480784)
2015-04-10 16:49:14,506 INFO org.apache.hadoop.mapred.MapTask: Spilling map output
2015-04-10 16:49:14,506 INFO org.apache.hadoop.mapred.MapTask: bufstart = 67261767; bufend = 10699971; bufvoid = 104857600
2015-04-10 16:49:14,507 INFO org.apache.hadoop.mapred.MapTask: kvstart = 16815436(67261744); kvend = 7917876(31671504); length = 8897561/6553600
2015-04-10 16:49:14,507 INFO org.apache.hadoop.mapred.MapTask: (EQUATOR) 19768723 kvi 4942176(19768704)
2015-04-10 16:49:14,767 INFO org.apache.hadoop.mapred.LocalJobRunner: map > map
2015-04-10 16:49:15,668 INFO org.apache.hadoop.mapreduce.Job:  map 18% reduce 0%
2015-04-10 16:49:17,346 INFO org.apache.hadoop.mapred.MapTask: Finished spill 3
2015-04-10 16:49:17,346 INFO org.apache.hadoop.mapred.MapTask: (RESET) equator 19768723 kv 4942176(19768704) kvi 2755316(11021264)
2015-04-10 16:49:17,770 INFO org.apache.hadoop.mapred.LocalJobRunner: map > map
2015-04-10 16:49:17,985 INFO org.apache.hadoop.mapred.MapTask: Spilling map output
2015-04-10 16:49:17,985 INFO org.apache.hadoop.mapred.MapTask: bufstart = 19768723; bufend = 68048068; bufvoid = 104857600
2015-04-10 16:49:17,985 INFO org.apache.hadoop.mapred.MapTask: kvstart = 4942176(19768704); kvend = 22254900(89019600); length = 8901677/6553600
2015-04-10 16:49:17,986 INFO org.apache.hadoop.mapred.MapTask: (EQUATOR) 77116820 kvi 19279200(77116800)
2015-04-10 16:49:18,671 INFO org.apache.hadoop.mapreduce.Job:  map 22% reduce 0%
2015-04-10 16:49:20,773 INFO org.apache.hadoop.mapred.LocalJobRunner: map > map
2015-04-10 16:49:20,969 INFO org.apache.hadoop.mapred.MapTask: Finished spill 4
2015-04-10 16:49:20,970 INFO org.apache.hadoop.mapred.MapTask: (RESET) equator 77116820 kv 19279200(77116800) kvi 17087928(68351712)
2015-04-10 16:49:21,541 INFO org.apache.hadoop.mapred.MapTask: Spilling map output
2015-04-10 16:49:21,541 INFO org.apache.hadoop.mapred.MapTask: bufstart = 77116820; bufend = 20572874; bufvoid = 104857600
2015-04-10 16:49:21,541 INFO org.apache.hadoop.mapred.MapTask: kvstart = 19279200(77116800); kvend = 10386100(41544400); length = 8893101/6553600
2015-04-10 16:49:21,541 INFO org.apache.hadoop.mapred.MapTask: (EQUATOR) 29641626 kvi 7410400(29641600)
2015-04-10 16:49:21,674 INFO org.apache.hadoop.mapreduce.Job:  map 25% reduce 0%
2015-04-10 16:49:23,776 INFO org.apache.hadoop.mapred.LocalJobRunner: map > map
2015-04-10 16:49:24,443 INFO org.apache.hadoop.mapred.MapTask: Finished spill 5
2015-04-10 16:49:24,443 INFO org.apache.hadoop.mapred.MapTask: (RESET) equator 29641626 kv 7410400(29641600) kvi 5219888(20879552)
2015-04-10 16:49:24,686 INFO org.apache.hadoop.mapreduce.Job:  map 33% reduce 0%
2015-04-10 16:49:25,003 INFO org.apache.hadoop.mapred.MapTask: Spilling map output
2015-04-10 16:49:25,004 INFO org.apache.hadoop.mapred.MapTask: bufstart = 29641626; bufend = 77924773; bufvoid = 104857600
2015-04-10 16:49:25,004 INFO org.apache.hadoop.mapred.MapTask: kvstart = 7410400(29641600); kvend = 24724072(98896288); length = 8900729/6553600
2015-04-10 16:49:25,004 INFO org.apache.hadoop.mapred.MapTask: (EQUATOR) 86993525 kvi 21748376(86993504)
2015-04-10 16:49:26,779 INFO org.apache.hadoop.mapred.LocalJobRunner: map > map
2015-04-10 16:49:27,690 INFO org.apache.hadoop.mapreduce.Job:  map 41% reduce 0%
2015-04-10 16:49:28,211 INFO org.apache.hadoop.mapred.MapTask: Finished spill 6
2015-04-10 16:49:28,211 INFO org.apache.hadoop.mapred.MapTask: (RESET) equator 86993525 kv 21748376(86993504) kvi 19570056(78280224)
2015-04-10 16:49:29,072 INFO org.apache.hadoop.mapred.MapTask: Spilling map output
2015-04-10 16:49:29,073 INFO org.apache.hadoop.mapred.MapTask: bufstart = 86993525; bufend = 30594496; bufvoid = 104857600
2015-04-10 16:49:29,073 INFO org.apache.hadoop.mapred.MapTask: kvstart = 21748376(86993504); kvend = 12891504(51566016); length = 8856873/6553600
2015-04-10 16:49:29,073 INFO org.apache.hadoop.mapred.MapTask: (EQUATOR) 39663248 kvi 9915808(39663232)
2015-04-10 16:49:29,781 INFO org.apache.hadoop.mapred.LocalJobRunner: map > map
2015-04-10 16:49:30,693 INFO org.apache.hadoop.mapreduce.Job:  map 50% reduce 0%
2015-04-10 16:49:32,266 INFO org.apache.hadoop.mapred.MapTask: Finished spill 7
2015-04-10 16:49:32,266 INFO org.apache.hadoop.mapred.MapTask: (RESET) equator 39663248 kv 9915808(39663232) kvi 7748792(30995168)
2015-04-10 16:49:32,783 INFO org.apache.hadoop.mapred.LocalJobRunner: map > map
2015-04-10 16:49:32,819 INFO org.apache.hadoop.mapred.MapTask: Spilling map output
2015-04-10 16:49:32,819 INFO org.apache.hadoop.mapred.MapTask: bufstart = 39663248; bufend = 88217858; bufvoid = 104857600
2015-04-10 16:49:32,819 INFO org.apache.hadoop.mapred.MapTask: kvstart = 9915808(39663232); kvend = 1082944(4331776); length = 8832865/6553600
2015-04-10 16:49:32,819 INFO org.apache.hadoop.mapred.MapTask: (EQUATOR) 97286610 kvi 24321648(97286592)
2015-04-10 16:49:33,696 INFO org.apache.hadoop.mapreduce.Job:  map 54% reduce 0%
2015-04-10 16:49:35,369 INFO org.apache.hadoop.mapred.MapTask: Finished spill 8
2015-04-10 16:49:35,369 INFO org.apache.hadoop.mapred.MapTask: (RESET) equator 97286610 kv 24321648(97286592) kvi 22156532(88626128)
2015-04-10 16:49:35,786 INFO org.apache.hadoop.mapred.LocalJobRunner: map > map
2015-04-10 16:49:35,911 INFO org.apache.hadoop.mapred.MapTask: Spilling map output
2015-04-10 16:49:35,911 INFO org.apache.hadoop.mapred.MapTask: bufstart = 97286610; bufend = 40990869; bufvoid = 104857597
2015-04-10 16:49:35,912 INFO org.apache.hadoop.mapred.MapTask: kvstart = 24321648(97286592); kvend = 15490600(61962400); length = 8831049/6553600
2015-04-10 16:49:35,912 INFO org.apache.hadoop.mapred.MapTask: (EQUATOR) 50059621 kvi 12514900(50059600)
2015-04-10 16:49:36,699 INFO org.apache.hadoop.mapreduce.Job:  map 61% reduce 0%
2015-04-10 16:49:38,530 INFO org.apache.hadoop.mapred.MapTask: Finished spill 9
2015-04-10 16:49:38,530 INFO org.apache.hadoop.mapred.MapTask: (RESET) equator 50059621 kv 12514900(50059600) kvi 10350744(41402976)
2015-04-10 16:49:38,791 INFO org.apache.hadoop.mapred.LocalJobRunner: map > map
2015-04-10 16:49:38,825 INFO org.apache.hadoop.mapred.LocalJobRunner: map > map
2015-04-10 16:49:38,825 INFO org.apache.hadoop.mapred.MapTask: Starting flush of map output
2015-04-10 16:49:38,826 INFO org.apache.hadoop.mapred.MapTask: Spilling map output
2015-04-10 16:49:38,826 INFO org.apache.hadoop.mapred.MapTask: bufstart = 50059621; bufend = 80210646; bufvoid = 104857600
2015-04-10 16:49:38,826 INFO org.apache.hadoop.mapred.MapTask: kvstart = 12514900(50059600); kvend = 7032324(28129296); length = 5482577/6553600
2015-04-10 16:49:39,702 INFO org.apache.hadoop.mapreduce.Job:  map 66% reduce 0%
2015-04-10 16:49:40,212 INFO org.apache.hadoop.mapred.MapTask: Finished spill 10
2015-04-10 16:49:40,227 INFO org.apache.hadoop.mapred.Merger: Merging 11 sorted segments
2015-04-10 16:49:40,239 INFO org.apache.hadoop.mapred.Merger: Merging 2 intermediate segments out of a total of 11
2015-04-10 16:49:41,794 INFO org.apache.hadoop.mapred.LocalJobRunner: map > sort > 
2015-04-10 16:49:42,704 INFO org.apache.hadoop.mapreduce.Job:  map 69% reduce 0%
2015-04-10 16:49:43,786 INFO org.apache.hadoop.mapred.Merger: Down to the last merge-pass, with 10 segments left of total size: 560952516 bytes
2015-04-10 16:49:44,795 INFO org.apache.hadoop.mapred.LocalJobRunner: map > sort > 
2015-04-10 16:49:45,707 INFO org.apache.hadoop.mapreduce.Job:  map 72% reduce 0%
2015-04-10 16:49:47,795 INFO org.apache.hadoop.mapred.LocalJobRunner: map > sort > 
2015-04-10 16:49:48,709 INFO org.apache.hadoop.mapreduce.Job:  map 75% reduce 0%
2015-04-10 16:49:50,801 INFO org.apache.hadoop.mapred.LocalJobRunner: map > sort > 
2015-04-10 16:49:51,713 INFO org.apache.hadoop.mapreduce.Job:  map 79% reduce 0%
2015-04-10 16:49:53,803 INFO org.apache.hadoop.mapred.LocalJobRunner: map > sort > 
2015-04-10 16:49:54,717 INFO org.apache.hadoop.mapreduce.Job:  map 83% reduce 0%
2015-04-10 16:49:56,804 INFO org.apache.hadoop.mapred.LocalJobRunner: map > sort > 
2015-04-10 16:49:57,724 INFO org.apache.hadoop.mapreduce.Job:  map 87% reduce 0%
2015-04-10 16:49:59,809 INFO org.apache.hadoop.mapred.LocalJobRunner: map > sort > 
2015-04-10 16:50:00,726 INFO org.apache.hadoop.mapreduce.Job:  map 91% reduce 0%
2015-04-10 16:50:02,810 INFO org.apache.hadoop.mapred.LocalJobRunner: map > sort > 
2015-04-10 16:50:03,729 INFO org.apache.hadoop.mapreduce.Job:  map 94% reduce 0%
2015-04-10 16:50:05,812 INFO org.apache.hadoop.mapred.LocalJobRunner: map > sort > 
2015-04-10 16:50:06,735 INFO org.apache.hadoop.mapreduce.Job:  map 97% reduce 0%
2015-04-10 16:50:07,983 INFO org.apache.hadoop.mapred.Task: Task:attempt_local404485084_0001_m_000000_0 is done. And is in the process of committing
2015-04-10 16:50:07,986 INFO org.apache.hadoop.mapred.LocalJobRunner: map > sort
2015-04-10 16:50:07,986 INFO org.apache.hadoop.mapred.Task: Task 'attempt_local404485084_0001_m_000000_0' done.
2015-04-10 16:50:07,986 INFO org.apache.hadoop.mapred.LocalJobRunner: Finishing task: attempt_local404485084_0001_m_000000_0
2015-04-10 16:50:07,986 INFO org.apache.hadoop.mapred.LocalJobRunner: map task executor complete.
2015-04-10 16:50:07,997 INFO org.apache.hadoop.mapred.LocalJobRunner: Waiting for reduce tasks
2015-04-10 16:50:07,998 INFO org.apache.hadoop.mapred.LocalJobRunner: Starting task: attempt_local404485084_0001_r_000000_0
2015-04-10 16:50:08,009 INFO org.apache.hadoop.mapred.Task:  Using ResourceCalculatorProcessTree : [ ]
2015-04-10 16:50:08,011 INFO org.apache.hadoop.mapred.ReduceTask: Using ShuffleConsumerPlugin: org.apache.hadoop.mapreduce.task.reduce.Shuffle@78e87fc9
2015-04-10 16:50:08,028 INFO org.apache.hadoop.mapreduce.task.reduce.MergeManagerImpl: MergerManager: memoryLimit=679778688, maxSingleShuffleLimit=169944672, mergeThreshold=448653952, ioSortFactor=10, memToMemMergeOutputsThreshold=10
2015-04-10 16:50:08,031 INFO org.apache.hadoop.mapreduce.task.reduce.EventFetcher: attempt_local404485084_0001_r_000000_0 Thread started: EventFetcher for fetching Map Completion Events
2015-04-10 16:50:08,076 INFO org.apache.hadoop.mapreduce.task.reduce.MergeManagerImpl: attempt_local404485084_0001_m_000000_0: Shuffling to disk since 560952489 is greater than maxSingleShuffleLimit (169944672)
2015-04-10 16:50:08,100 INFO org.apache.hadoop.mapreduce.task.reduce.LocalFetcher: localfetcher#1 about to shuffle output of map attempt_local404485084_0001_m_000000_0 decomp: 560952489 len: 560952493 to DISK
2015-04-10 16:50:08,736 INFO org.apache.hadoop.mapreduce.Job:  map 100% reduce 0%
2015-04-10 16:50:14,018 INFO org.apache.hadoop.mapred.LocalJobRunner: reduce > copy
2015-04-10 16:50:17,020 INFO org.apache.hadoop.mapred.LocalJobRunner: reduce > copy
2015-04-10 16:50:18,806 INFO org.apache.hadoop.mapreduce.task.reduce.OnDiskMapOutput: Read 560952493 bytes from map-output for attempt_local404485084_0001_m_000000_0
2015-04-10 16:50:18,810 INFO org.apache.hadoop.mapreduce.task.reduce.EventFetcher: EventFetcher is interrupted.. Returning
2015-04-10 16:50:18,811 INFO org.apache.hadoop.mapred.LocalJobRunner: 1 / 1 copied.
2015-04-10 16:50:18,811 INFO org.apache.hadoop.mapreduce.task.reduce.MergeManagerImpl: finalMerge called with 0 in-memory map-outputs and 1 on-disk map-outputs
2015-04-10 16:50:18,812 INFO org.apache.hadoop.mapreduce.task.reduce.MergeManagerImpl: Merging 1 files, 560952493 bytes from disk
2015-04-10 16:50:18,814 INFO org.apache.hadoop.mapreduce.task.reduce.MergeManagerImpl: Merging 0 segments, 0 bytes from memory into reduce
2015-04-10 16:50:18,814 INFO org.apache.hadoop.mapred.Merger: Merging 1 sorted segments
2015-04-10 16:50:18,815 INFO org.apache.hadoop.mapred.Merger: Down to the last merge-pass, with 1 segments left of total size: 560952485 bytes
2015-04-10 16:50:18,816 INFO org.apache.hadoop.mapred.LocalJobRunner: 1 / 1 copied.
2015-04-10 16:50:18,836 INFO org.apache.hadoop.conf.Configuration.deprecation: mapred.skip.on is deprecated. Instead, use mapreduce.job.skiprecords
2015-04-10 16:50:20,030 INFO org.apache.hadoop.mapred.LocalJobRunner: reduce > reduce
2015-04-10 16:50:20,753 INFO org.apache.hadoop.mapreduce.Job:  map 100% reduce 67%
2015-04-10 16:50:23,037 INFO org.apache.hadoop.mapred.LocalJobRunner: reduce > reduce
2015-04-10 16:50:23,756 INFO org.apache.hadoop.mapreduce.Job:  map 100% reduce 68%
2015-04-10 16:50:26,038 INFO org.apache.hadoop.mapred.LocalJobRunner: reduce > reduce
2015-04-10 16:50:26,760 INFO org.apache.hadoop.mapreduce.Job:  map 100% reduce 69%
2015-04-10 16:50:29,039 INFO org.apache.hadoop.mapred.LocalJobRunner: reduce > reduce
2015-04-10 16:50:29,765 INFO org.apache.hadoop.mapreduce.Job:  map 100% reduce 70%
2015-04-10 16:50:32,040 INFO org.apache.hadoop.mapred.LocalJobRunner: reduce > reduce
2015-04-10 16:50:32,770 INFO org.apache.hadoop.mapreduce.Job:  map 100% reduce 71%
2015-04-10 16:50:35,045 INFO org.apache.hadoop.mapred.LocalJobRunner: reduce > reduce
2015-04-10 16:50:38,051 INFO org.apache.hadoop.mapred.LocalJobRunner: reduce > reduce
2015-04-10 16:50:38,780 INFO org.apache.hadoop.mapreduce.Job:  map 100% reduce 73%
2015-04-10 16:50:41,053 INFO org.apache.hadoop.mapred.LocalJobRunner: reduce > reduce
2015-04-10 16:50:44,056 INFO org.apache.hadoop.mapred.LocalJobRunner: reduce > reduce
2015-04-10 16:50:44,788 INFO org.apache.hadoop.mapreduce.Job:  map 100% reduce 75%
2015-04-10 16:50:47,058 INFO org.apache.hadoop.mapred.LocalJobRunner: reduce > reduce
2015-04-10 16:50:47,794 INFO org.apache.hadoop.mapreduce.Job:  map 100% reduce 76%
2015-04-10 16:50:50,062 INFO org.apache.hadoop.mapred.LocalJobRunner: reduce > reduce
2015-04-10 16:50:50,798 INFO org.apache.hadoop.mapreduce.Job:  map 100% reduce 77%
2015-04-10 16:50:53,064 INFO org.apache.hadoop.mapred.LocalJobRunner: reduce > reduce
2015-04-10 16:50:53,801 INFO org.apache.hadoop.mapreduce.Job:  map 100% reduce 78%
2015-04-10 16:50:56,065 INFO org.apache.hadoop.mapred.LocalJobRunner: reduce > reduce
2015-04-10 16:50:56,806 INFO org.apache.hadoop.mapreduce.Job:  map 100% reduce 79%
2015-04-10 16:50:59,067 INFO org.apache.hadoop.mapred.LocalJobRunner: reduce > reduce
2015-04-10 16:50:59,810 INFO org.apache.hadoop.mapreduce.Job:  map 100% reduce 80%
2015-04-10 16:51:02,067 INFO org.apache.hadoop.mapred.LocalJobRunner: reduce > reduce
2015-04-10 16:51:02,816 INFO org.apache.hadoop.mapreduce.Job:  map 100% reduce 81%
2015-04-10 16:51:05,071 INFO org.apache.hadoop.mapred.LocalJobRunner: reduce > reduce
2015-04-10 16:51:05,824 INFO org.apache.hadoop.mapreduce.Job:  map 100% reduce 82%
2015-04-10 16:51:08,079 INFO org.apache.hadoop.mapred.LocalJobRunner: reduce > reduce
2015-04-10 16:51:08,831 INFO org.apache.hadoop.mapreduce.Job:  map 100% reduce 84%
2015-04-10 16:51:11,080 INFO org.apache.hadoop.mapred.LocalJobRunner: reduce > reduce
2015-04-10 16:51:11,834 INFO org.apache.hadoop.mapreduce.Job:  map 100% reduce 86%
2015-04-10 16:51:14,081 INFO org.apache.hadoop.mapred.LocalJobRunner: reduce > reduce
2015-04-10 16:51:14,841 INFO org.apache.hadoop.mapreduce.Job:  map 100% reduce 87%
2015-04-10 16:51:17,083 INFO org.apache.hadoop.mapred.LocalJobRunner: reduce > reduce
2015-04-10 16:51:17,844 INFO org.apache.hadoop.mapreduce.Job:  map 100% reduce 88%
2015-04-10 16:51:20,087 INFO org.apache.hadoop.mapred.LocalJobRunner: reduce > reduce
2015-04-10 16:51:20,849 INFO org.apache.hadoop.mapreduce.Job:  map 100% reduce 89%
2015-04-10 16:51:23,088 INFO org.apache.hadoop.mapred.LocalJobRunner: reduce > reduce
2015-04-10 16:51:23,856 INFO org.apache.hadoop.mapreduce.Job:  map 100% reduce 90%
2015-04-10 16:51:26,089 INFO org.apache.hadoop.mapred.LocalJobRunner: reduce > reduce
2015-04-10 16:51:26,858 INFO org.apache.hadoop.mapreduce.Job:  map 100% reduce 91%
2015-04-10 16:51:29,090 INFO org.apache.hadoop.mapred.LocalJobRunner: reduce > reduce
2015-04-10 16:51:29,863 INFO org.apache.hadoop.mapreduce.Job:  map 100% reduce 92%
2015-04-10 16:51:32,092 INFO org.apache.hadoop.mapred.LocalJobRunner: reduce > reduce
2015-04-10 16:51:32,869 INFO org.apache.hadoop.mapreduce.Job:  map 100% reduce 93%
2015-04-10 16:51:35,093 INFO org.apache.hadoop.mapred.LocalJobRunner: reduce > reduce
2015-04-10 16:51:35,871 INFO org.apache.hadoop.mapreduce.Job:  map 100% reduce 94%
2015-04-10 16:51:38,096 INFO org.apache.hadoop.mapred.LocalJobRunner: reduce > reduce
2015-04-10 16:51:38,873 INFO org.apache.hadoop.mapreduce.Job:  map 100% reduce 95%
2015-04-10 16:51:41,100 INFO org.apache.hadoop.mapred.LocalJobRunner: reduce > reduce
2015-04-10 16:51:41,875 INFO org.apache.hadoop.mapreduce.Job:  map 100% reduce 96%
2015-04-10 16:51:44,100 INFO org.apache.hadoop.mapred.LocalJobRunner: reduce > reduce
2015-04-10 16:51:44,883 INFO org.apache.hadoop.mapreduce.Job:  map 100% reduce 97%
2015-04-10 16:51:47,102 INFO org.apache.hadoop.mapred.LocalJobRunner: reduce > reduce
2015-04-10 16:51:50,103 INFO org.apache.hadoop.mapred.LocalJobRunner: reduce > reduce
2015-04-10 16:51:50,897 INFO org.apache.hadoop.mapreduce.Job:  map 100% reduce 98%
2015-04-10 16:51:53,105 INFO org.apache.hadoop.mapred.LocalJobRunner: reduce > reduce
2015-04-10 16:51:53,900 INFO org.apache.hadoop.mapreduce.Job:  map 100% reduce 99%
2015-04-10 16:51:56,106 INFO org.apache.hadoop.mapred.LocalJobRunner: reduce > reduce
2015-04-10 16:51:56,876 INFO org.apache.hadoop.mapred.Task: Task:attempt_local404485084_0001_r_000000_0 is done. And is in the process of committing
2015-04-10 16:51:56,877 INFO org.apache.hadoop.mapred.LocalJobRunner: reduce > reduce
2015-04-10 16:51:56,877 INFO org.apache.hadoop.mapred.Task: Task attempt_local404485084_0001_r_000000_0 is allowed to commit now
2015-04-10 16:51:56,886 INFO org.apache.hadoop.mapreduce.lib.output.FileOutputCommitter: Saved output of task 'attempt_local404485084_0001_r_000000_0' to file:/home/cloudera/workspace/RecommendFriend/output/_temporary/0/task_local404485084_0001_r_000000
2015-04-10 16:51:56,887 INFO org.apache.hadoop.mapred.LocalJobRunner: reduce > reduce
2015-04-10 16:51:56,888 INFO org.apache.hadoop.mapred.Task: Task 'attempt_local404485084_0001_r_000000_0' done.
2015-04-10 16:51:56,889 INFO org.apache.hadoop.mapred.LocalJobRunner: Finishing task: attempt_local404485084_0001_r_000000_0
2015-04-10 16:51:56,889 INFO org.apache.hadoop.mapred.LocalJobRunner: reduce task executor complete.
2015-04-10 16:51:56,908 INFO org.apache.hadoop.mapreduce.Job:  map 100% reduce 100%
2015-04-10 16:51:57,909 INFO org.apache.hadoop.mapreduce.Job: Job job_local404485084_0001 completed successfully
2015-04-10 16:51:57,938 INFO org.apache.hadoop.mapreduce.Job: Counters: 33
	File System Counters
		FILE: Number of bytes read=2423361100
		FILE: Number of bytes written=2983866272
		FILE: Number of read operations=0
		FILE: Number of large read operations=0
		FILE: Number of write operations=0
	Map-Reduce Framework
		Map input records=49995
		Map output records=23570682
		Map output bytes=513811123
		Map output materialized bytes=560952493
		Input split bytes=134
		Combine input records=0
		Combine output records=0
		Reduce input groups=49124
		Reduce shuffle bytes=560952493
		Reduce input records=23570682
		Reduce output records=49124
		Spilled Records=74308353
		Shuffled Maps =1
		Failed Shuffles=0
		Merged Map outputs=1
		GC time elapsed (ms)=525
		CPU time spent (ms)=0
		Physical memory (bytes) snapshot=0
		Virtual memory (bytes) snapshot=0
		Total committed heap usage (bytes)=331227136
	Shuffle Errors
		BAD_ID=0
		CONNECTION=0
		IO_ERROR=0
		WRONG_LENGTH=0
		WRONG_MAP=0
		WRONG_REDUCE=0
	File Input Format Counters 
		Bytes Read=4156181
	File Output Format Counters 
		Bytes Written=2982645
